[2021-10-05 19:09:15Z INFO HostContext] No proxy settings were found based on environmental variables (http_proxy/https_proxy/HTTP_PROXY/HTTPS_PROXY)
[2021-10-05 19:09:15Z INFO HostContext] Well known directory 'Bin': '/home/dan/Desktop/community-website/actions-runner/bin'
[2021-10-05 19:09:15Z INFO HostContext] Well known directory 'Root': '/home/dan/Desktop/community-website/actions-runner'
[2021-10-05 19:09:15Z INFO HostContext] Well known config file 'Credentials': '/home/dan/Desktop/community-website/actions-runner/.credentials'
[2021-10-05 19:09:15Z INFO Listener] Runner is built for Linux (X64) - linux-x64.
[2021-10-05 19:09:15Z INFO Listener] RuntimeInformation: Linux 5.11.0-37-generic #41~20.04.2-Ubuntu SMP Fri Sep 24 09:06:38 UTC 2021.
[2021-10-05 19:09:15Z INFO Listener] Version: 2.283.1
[2021-10-05 19:09:15Z INFO Listener] Commit: e6baf0d2755bc747d0eb58f24941e273d16c6524
[2021-10-05 19:09:15Z INFO Listener] Culture: en-US
[2021-10-05 19:09:15Z INFO Listener] UI Culture: en-US
[2021-10-05 19:09:15Z INFO HostContext] Well known directory 'Bin': '/home/dan/Desktop/community-website/actions-runner/bin'
[2021-10-05 19:09:15Z INFO HostContext] Well known directory 'Root': '/home/dan/Desktop/community-website/actions-runner'
[2021-10-05 19:09:15Z INFO Listener] Validating directory permissions for: '/home/dan/Desktop/community-website/actions-runner'
[2021-10-05 19:09:15Z INFO CommandLineParser] Parse
[2021-10-05 19:09:15Z INFO CommandLineParser] Parsing 5 args
[2021-10-05 19:09:15Z INFO CommandLineParser] parsing argument
[2021-10-05 19:09:15Z INFO CommandLineParser] HasArgs: False
[2021-10-05 19:09:15Z INFO CommandLineParser] Adding Command: configure
[2021-10-05 19:09:15Z INFO CommandLineParser] parsing argument
[2021-10-05 19:09:15Z INFO CommandLineParser] HasArgs: True
[2021-10-05 19:09:15Z INFO CommandLineParser] arg: url
[2021-10-05 19:09:15Z INFO CommandLineParser] parsing argument
[2021-10-05 19:09:15Z INFO CommandLineParser] HasArgs: True
[2021-10-05 19:09:15Z INFO CommandLineParser] Adding option 'url': 'https://github.com/DanBertrand/community-website'
[2021-10-05 19:09:15Z INFO CommandLineParser] parsing argument
[2021-10-05 19:09:15Z INFO CommandLineParser] HasArgs: True
[2021-10-05 19:09:15Z INFO CommandLineParser] arg: token
[2021-10-05 19:09:15Z INFO CommandLineParser] parsing argument
[2021-10-05 19:09:15Z INFO CommandLineParser] HasArgs: True
[2021-10-05 19:09:15Z INFO CommandLineParser] Adding option 'token': '***'
[2021-10-05 19:09:15Z INFO Listener] Arguments parsed
[2021-10-05 19:09:15Z INFO Runner] ExecuteCommand
[2021-10-05 19:09:15Z INFO ConfigurationStore] currentAssemblyLocation: /home/dan/Desktop/community-website/actions-runner/bin/Runner.Listener.dll
[2021-10-05 19:09:15Z INFO HostContext] Well known directory 'Bin': '/home/dan/Desktop/community-website/actions-runner/bin'
[2021-10-05 19:09:15Z INFO ConfigurationStore] binPath: /home/dan/Desktop/community-website/actions-runner/bin
[2021-10-05 19:09:15Z INFO HostContext] Well known directory 'Bin': '/home/dan/Desktop/community-website/actions-runner/bin'
[2021-10-05 19:09:15Z INFO HostContext] Well known directory 'Root': '/home/dan/Desktop/community-website/actions-runner'
[2021-10-05 19:09:15Z INFO ConfigurationStore] RootFolder: /home/dan/Desktop/community-website/actions-runner
[2021-10-05 19:09:15Z INFO HostContext] Well known directory 'Bin': '/home/dan/Desktop/community-website/actions-runner/bin'
[2021-10-05 19:09:15Z INFO HostContext] Well known directory 'Root': '/home/dan/Desktop/community-website/actions-runner'
[2021-10-05 19:09:15Z INFO HostContext] Well known config file 'Runner': '/home/dan/Desktop/community-website/actions-runner/.runner'
[2021-10-05 19:09:15Z INFO ConfigurationStore] ConfigFilePath: /home/dan/Desktop/community-website/actions-runner/.runner
[2021-10-05 19:09:15Z INFO HostContext] Well known directory 'Bin': '/home/dan/Desktop/community-website/actions-runner/bin'
[2021-10-05 19:09:15Z INFO HostContext] Well known directory 'Root': '/home/dan/Desktop/community-website/actions-runner'
[2021-10-05 19:09:15Z INFO HostContext] Well known config file 'Credentials': '/home/dan/Desktop/community-website/actions-runner/.credentials'
[2021-10-05 19:09:15Z INFO ConfigurationStore] CredFilePath: /home/dan/Desktop/community-website/actions-runner/.credentials
[2021-10-05 19:09:15Z INFO HostContext] Well known directory 'Bin': '/home/dan/Desktop/community-website/actions-runner/bin'
[2021-10-05 19:09:15Z INFO HostContext] Well known directory 'Root': '/home/dan/Desktop/community-website/actions-runner'
[2021-10-05 19:09:15Z INFO HostContext] Well known config file 'MigratedCredentials': '/home/dan/Desktop/community-website/actions-runner/.credentials_migrated'
[2021-10-05 19:09:15Z INFO ConfigurationStore] MigratedCredFilePath: /home/dan/Desktop/community-website/actions-runner/.credentials_migrated
[2021-10-05 19:09:15Z INFO HostContext] Well known directory 'Bin': '/home/dan/Desktop/community-website/actions-runner/bin'
[2021-10-05 19:09:15Z INFO HostContext] Well known directory 'Root': '/home/dan/Desktop/community-website/actions-runner'
[2021-10-05 19:09:15Z INFO HostContext] Well known config file 'Service': '/home/dan/Desktop/community-website/actions-runner/.service'
[2021-10-05 19:09:15Z INFO ConfigurationStore] ServiceConfigFilePath: /home/dan/Desktop/community-website/actions-runner/.service
[2021-10-05 19:09:15Z INFO CommandSettings] Flag 'help': 'False'
[2021-10-05 19:09:15Z INFO CommandSettings] Flag 'version': 'False'
[2021-10-05 19:09:15Z INFO CommandSettings] Flag 'commit': 'False'
[2021-10-05 19:09:15Z INFO CommandSettings] Flag 'check': 'False'
[2021-10-05 19:09:15Z INFO CommandSettings] Command 'configure': 'True'
[2021-10-05 19:09:15Z INFO Terminal] WRITE LINE: 
[2021-10-05 19:09:15Z INFO Terminal] WRITE LINE: --------------------------------------------------------------------------------
[2021-10-05 19:09:15Z INFO Terminal] WRITE LINE: |        ____ _ _   _   _       _          _        _   _                      |
[2021-10-05 19:09:15Z INFO Terminal] WRITE LINE: |       / ___(_) |_| | | |_   _| |__      / \   ___| |_(_) ___  _ __  ___      |
[2021-10-05 19:09:15Z INFO Terminal] WRITE LINE: |      | |  _| | __| |_| | | | | '_ \    / _ \ / __| __| |/ _ \| '_ \/ __|     |
[2021-10-05 19:09:15Z INFO Terminal] WRITE LINE: |      | |_| | | |_|  _  | |_| | |_) |  / ___ \ (__| |_| | (_) | | | \__ \     |
[2021-10-05 19:09:15Z INFO Terminal] WRITE LINE: |       \____|_|\__|_| |_|\__,_|_.__/  /_/   \_\___|\__|_|\___/|_| |_|___/     |
[2021-10-05 19:09:15Z INFO Terminal] WRITE LINE: |                                                                              |
[2021-10-05 19:09:15Z INFO Terminal] WRITE: |                       
[2021-10-05 19:09:15Z INFO Terminal] WRITE: Self-hosted runner registration
[2021-10-05 19:09:15Z INFO Terminal] WRITE LINE:                         |
[2021-10-05 19:09:15Z INFO Terminal] WRITE LINE: |                                                                              |
[2021-10-05 19:09:15Z INFO Terminal] WRITE LINE: --------------------------------------------------------------------------------
[2021-10-05 19:09:15Z INFO ConfigurationManager] ConfigureAsync
[2021-10-05 19:09:15Z INFO ConfigurationStore] IsConfigured()
[2021-10-05 19:09:15Z INFO ConfigurationStore] IsConfigured: False
[2021-10-05 19:09:15Z INFO ConfigurationManager] Is configured: False
[2021-10-05 19:09:15Z INFO CommandSettings] Arg 'url': 'https://github.com/DanBertrand/community-website'
[2021-10-05 19:09:15Z INFO CommandSettings] Remove url from Arg dictionary.
[2021-10-05 19:09:15Z INFO CommandSettings] Arg 'token': '***'
[2021-10-05 19:09:15Z INFO CommandSettings] Remove token from Arg dictionary.
[2021-10-05 19:09:16Z INFO ConfigurationManager] Http response code: OK from 'POST https://api.github.com/actions/runner-registration'
[2021-10-05 19:09:16Z INFO ConfigurationManager] cred retrieved via GitHub auth
[2021-10-05 19:09:16Z INFO RunnerServer] Establish connection with 100 seconds timeout.
[2021-10-05 19:09:16Z INFO GitHubActionsService] Starting operation Location.GetConnectionData
[2021-10-05 19:09:16Z INFO RunnerServer] Establish connection with 60 seconds timeout.
[2021-10-05 19:09:16Z INFO GitHubActionsService] Starting operation Location.GetConnectionData
[2021-10-05 19:09:16Z INFO RunnerServer] Establish connection with 60 seconds timeout.
[2021-10-05 19:09:16Z INFO GitHubActionsService] Starting operation Location.GetConnectionData
[2021-10-05 19:09:16Z INFO GitHubActionsService] Finished operation Location.GetConnectionData
[2021-10-05 19:09:17Z INFO GitHubActionsService] Finished operation Location.GetConnectionData
[2021-10-05 19:09:17Z INFO GitHubActionsService] Finished operation Location.GetConnectionData
[2021-10-05 19:09:17Z INFO Terminal] WRITE LINE: 
[2021-10-05 19:09:17Z INFO ConfigurationManager] Test Connection complete.
[2021-10-05 19:09:17Z INFO HostContext] Well known directory 'Bin': '/home/dan/Desktop/community-website/actions-runner/bin'
[2021-10-05 19:09:17Z INFO HostContext] Well known directory 'Root': '/home/dan/Desktop/community-website/actions-runner'
[2021-10-05 19:09:17Z INFO HostContext] Well known config file 'RSACredentials': '/home/dan/Desktop/community-website/actions-runner/.credentials_rsaparams'
[2021-10-05 19:09:17Z INFO RSAFileKeyManager] Creating new RSA key using 2048-bit key length
[2021-10-05 19:09:17Z INFO RSAFileKeyManager] Successfully saved RSA key parameters to file /home/dan/Desktop/community-website/actions-runner/.credentials_rsaparams
[2021-10-05 19:09:17Z INFO RSAFileKeyManager] Which: 'chmod'
[2021-10-05 19:09:17Z INFO RSAFileKeyManager] Location: '/usr/bin/chmod'
[2021-10-05 19:09:17Z INFO HostContext] Well known directory 'Bin': '/home/dan/Desktop/community-website/actions-runner/bin'
[2021-10-05 19:09:17Z INFO HostContext] Well known directory 'Root': '/home/dan/Desktop/community-website/actions-runner'
[2021-10-05 19:09:17Z INFO ProcessInvokerWrapper] Starting process:
[2021-10-05 19:09:17Z INFO ProcessInvokerWrapper]   File name: '/usr/bin/chmod'
[2021-10-05 19:09:17Z INFO ProcessInvokerWrapper]   Arguments: '600 /home/dan/Desktop/community-website/actions-runner/.credentials_rsaparams'
[2021-10-05 19:09:17Z INFO ProcessInvokerWrapper]   Working directory: '/home/dan/Desktop/community-website/actions-runner'
[2021-10-05 19:09:17Z INFO ProcessInvokerWrapper]   Require exit code zero: 'False'
[2021-10-05 19:09:17Z INFO ProcessInvokerWrapper]   Encoding web name:  ; code page: ''
[2021-10-05 19:09:17Z INFO ProcessInvokerWrapper]   Force kill process on cancellation: 'False'
[2021-10-05 19:09:17Z INFO ProcessInvokerWrapper]   Redirected STDIN: 'False'
[2021-10-05 19:09:17Z INFO ProcessInvokerWrapper]   Persist current code page: 'False'
[2021-10-05 19:09:17Z INFO ProcessInvokerWrapper]   Keep redirected STDIN open: 'False'
[2021-10-05 19:09:17Z INFO ProcessInvokerWrapper]   High priority process: 'False'
[2021-10-05 19:09:17Z INFO ProcessInvokerWrapper] Failed to update oom_score_adj for PID: 92718.
[2021-10-05 19:09:17Z INFO ProcessInvokerWrapper] System.UnauthorizedAccessException: Access to the path '/proc/92718/oom_score_adj' is denied.
 ---> System.IO.IOException: Permission denied
   --- End of inner exception stack trace ---
   at Interop.ThrowExceptionForIoErrno(ErrorInfo errorInfo, String path, Boolean isDirectory, Func`2 errorRewriter)
   at Microsoft.Win32.SafeHandles.SafeFileHandle.Open(String path, OpenFlags flags, Int32 mode)
   at System.IO.FileStream.OpenHandle(FileMode mode, FileShare share, FileOptions options)
   at System.IO.FileStream..ctor(String path, FileMode mode, FileAccess access, FileShare share, Int32 bufferSize, FileOptions options)
   at System.IO.StreamWriter.ValidateArgsAndOpenPath(String path, Boolean append, Encoding encoding, Int32 bufferSize)
   at System.IO.StreamWriter..ctor(String path)
   at System.IO.File.WriteAllText(String path, String contents)
   at GitHub.Runner.Sdk.ProcessInvoker.WriteProcessOomScoreAdj(Int32 processId, Int32 oomScoreAdj)
[2021-10-05 19:09:17Z INFO ProcessInvokerWrapper] Process started with process id 92718, waiting for process exit.
[2021-10-05 19:09:17Z INFO ProcessInvokerWrapper] STDOUT/STDERR stream read finished.
[2021-10-05 19:09:17Z INFO ProcessInvokerWrapper] STDOUT/STDERR stream read finished.
[2021-10-05 19:09:17Z INFO ProcessInvokerWrapper] Finished process 92718 with exit code 0, and elapsed time 00:00:00.0132799.
[2021-10-05 19:09:17Z INFO RSAFileKeyManager] Successfully set permissions for RSA key parameters file /home/dan/Desktop/community-website/actions-runner/.credentials_rsaparams
[2021-10-05 19:09:17Z INFO CommandSettings] Arg 'runnergroup': ''
[2021-10-05 19:09:17Z INFO CommandSettings] Flag 'unattended': 'False'
[2021-10-05 19:09:17Z INFO PromptManager] ReadValue
[2021-10-05 19:09:17Z INFO Terminal] WRITE: Enter the name of the runner group to add this runner to: 
[2021-10-05 19:09:17Z INFO Terminal] WRITE: [press Enter for Default] 
[2021-10-05 19:09:17Z INFO Terminal] READ LINE
[2021-10-05 19:09:26Z INFO Terminal] Read value: ''
[2021-10-05 19:09:26Z INFO PromptManager] Falling back to the default: 'Default'
[2021-10-05 19:09:26Z INFO Terminal] WRITE LINE: 
[2021-10-05 19:09:26Z INFO ConfigurationManager] Found a self-hosted runner group with id 1 and name Default
[2021-10-05 19:09:26Z INFO CommandSettings] Flag 'ephemeral': 'False'
[2021-10-05 19:09:26Z INFO CommandSettings] Arg 'name': ''
[2021-10-05 19:09:26Z INFO CommandSettings] Flag 'unattended': 'False'
[2021-10-05 19:09:26Z INFO PromptManager] ReadValue
[2021-10-05 19:09:26Z INFO Terminal] WRITE: Enter the name of runner: 
[2021-10-05 19:09:26Z INFO Terminal] WRITE: [press Enter for asus-dan] 
[2021-10-05 19:09:26Z INFO Terminal] READ LINE
[2021-10-05 19:09:35Z INFO Terminal] Read value: 'Dan'
[2021-10-05 19:09:35Z INFO Terminal] WRITE LINE: 
[2021-10-05 19:09:35Z INFO CommandSettings] Arg 'labels': ''
[2021-10-05 19:09:35Z INFO CommandSettings] Flag 'unattended': 'False'
[2021-10-05 19:09:35Z INFO PromptManager] ReadValue
[2021-10-05 19:09:35Z INFO Terminal] WRITE: This runner will have the following labels: 'self-hosted', 'Linux', 'X64' 
Enter any additional labels (ex. label-1,label-2): 
[2021-10-05 19:09:35Z INFO Terminal] WRITE: [press Enter to skip] 
[2021-10-05 19:09:35Z INFO Terminal] READ LINE
[2021-10-05 19:09:51Z INFO Terminal] Read value: ''
[2021-10-05 19:09:51Z INFO Terminal] WRITE LINE: 
[2021-10-05 19:09:52Z INFO ConfigurationStore] Saving OAuth credential @ /home/dan/Desktop/community-website/actions-runner/.credentials
[2021-10-05 19:09:52Z INFO ConfigurationStore] Credentials Saved.
[2021-10-05 19:09:52Z INFO ConfigurationStore] HasCredentials()
[2021-10-05 19:09:52Z INFO ConfigurationStore] stored True
[2021-10-05 19:09:52Z INFO CredentialManager] GetCredentialProvider
[2021-10-05 19:09:52Z INFO CredentialManager] Creating type OAuth
[2021-10-05 19:09:52Z INFO CredentialManager] Creating credential type: OAuth
[2021-10-05 19:09:52Z INFO RSAFileKeyManager] Loading RSA key parameters from file /home/dan/Desktop/community-website/actions-runner/.credentials_rsaparams
[2021-10-05 19:09:52Z INFO RunnerServer] Establish connection with 100 seconds timeout.
[2021-10-05 19:09:52Z INFO GitHubActionsService] Starting operation Location.GetConnectionData
[2021-10-05 19:09:52Z INFO RunnerServer] Establish connection with 60 seconds timeout.
[2021-10-05 19:09:52Z INFO GitHubActionsService] Starting operation Location.GetConnectionData
[2021-10-05 19:09:52Z INFO RunnerServer] Establish connection with 60 seconds timeout.
[2021-10-05 19:09:52Z INFO GitHubActionsService] Starting operation Location.GetConnectionData
[2021-10-05 19:09:52Z INFO GitHubActionsService] Finished operation Location.GetConnectionData
[2021-10-05 19:09:52Z INFO GitHubActionsService] Finished operation Location.GetConnectionData
[2021-10-05 19:09:52Z INFO GitHubActionsService] Finished operation Location.GetConnectionData
[2021-10-05 19:09:52Z WARN GitHubActionsService] Authentication failed with status code 401.
WWW-Authenticate: Bearer
Strict-Transport-Security: max-age=2592000
X-TFS-ProcessId: 27d14614-4876-4a9f-8ba9-c47294ca80d8
ActivityId: 6961b5ae-18fb-4ebc-aa20-3ee19d2cc585
X-TFS-Session: 1c322ee3-7cab-426a-b765-bed00d185847
X-VSS-E2EID: d8a84258-27f7-4986-a538-977e5bcb95cb
X-VSS-SenderDeploymentId: 1139089e-89fd-ce7a-6851-1ac6328a300e
X-TFS-ServiceError: The+user+%27System%3aPublicAccess%3baaaaaaaa-aaaa-aaaa-aaaa-aaaaaaaaaaaa%27+is+not+authorized+to+access+this+resource.
X-VSS-S2STargetService: 0000005A-0000-8888-8000-000000000000/visualstudio.com
X-Cache: CONFIG_NOCACHE
X-MSEdge-Ref: Ref A: BE2A57F8C9D34517A66A205909140338 Ref B: MIL30EDGE1111 Ref C: 2021-10-05T19:09:52Z
Date: Tue, 05 Oct 2021 19:09:52 GMT

[2021-10-05 19:09:52Z INFO RSAFileKeyManager] Loading RSA key parameters from file /home/dan/Desktop/community-website/actions-runner/.credentials_rsaparams
[2021-10-05 19:09:52Z INFO RSAFileKeyManager] Loading RSA key parameters from file /home/dan/Desktop/community-website/actions-runner/.credentials_rsaparams
[2021-10-05 19:09:53Z INFO GitHubActionsService] AAD Correlation ID for this token request: Unknown
[2021-10-05 19:09:53Z INFO CommandSettings] Arg 'work': ''
[2021-10-05 19:09:53Z INFO CommandSettings] Flag 'unattended': 'False'
[2021-10-05 19:09:53Z INFO PromptManager] ReadValue
[2021-10-05 19:09:53Z INFO Terminal] WRITE: Enter name of work folder: 
[2021-10-05 19:09:53Z INFO Terminal] WRITE: [press Enter for _work] 
[2021-10-05 19:09:53Z INFO Terminal] READ LINE
[2021-10-05 19:10:07Z INFO Terminal] Read value: ''
[2021-10-05 19:10:07Z INFO PromptManager] Falling back to the default: '_work'
[2021-10-05 19:10:07Z INFO ConfigurationStore] Saving runner settings.
[2021-10-05 19:10:07Z INFO ConfigurationStore] Settings Saved.
[2021-10-05 19:10:07Z INFO Terminal] WRITE LINE: 
[2021-10-05 19:10:07Z INFO Terminal] WRITE LINE: 
[2021-10-05 19:10:07Z INFO SystemDControlManager] Service name 'actions.runner.DanBertrand-community-website.Dan.service' display name 'GitHub Actions Runner (DanBertrand-community-website.Dan)' will be used for service configuration.
[2021-10-05 19:10:07Z INFO HostContext] Well known directory 'Bin': '/home/dan/Desktop/community-website/actions-runner/bin'
[2021-10-05 19:10:07Z INFO HostContext] Well known directory 'Root': '/home/dan/Desktop/community-website/actions-runner'
[2021-10-05 19:10:07Z INFO HostContext] Well known directory 'Bin': '/home/dan/Desktop/community-website/actions-runner/bin'
[2021-10-05 19:10:07Z INFO HostContext] Well known directory 'Bin': '/home/dan/Desktop/community-website/actions-runner/bin'
[2021-10-05 19:10:07Z INFO HostContext] Well known directory 'Root': '/home/dan/Desktop/community-website/actions-runner'
[2021-10-05 19:10:07Z INFO UnixUtil] Which: 'chmod'
[2021-10-05 19:10:07Z INFO UnixUtil] Location: '/usr/bin/chmod'
[2021-10-05 19:10:07Z INFO UnixUtil] Running /usr/bin/chmod 755 "/home/dan/Desktop/community-website/actions-runner/svc.sh"
[2021-10-05 19:10:07Z INFO ProcessInvokerWrapper] Starting process:
[2021-10-05 19:10:07Z INFO ProcessInvokerWrapper]   File name: '/usr/bin/chmod'
[2021-10-05 19:10:07Z INFO ProcessInvokerWrapper]   Arguments: '755 "/home/dan/Desktop/community-website/actions-runner/svc.sh"'
[2021-10-05 19:10:07Z INFO ProcessInvokerWrapper]   Working directory: '/home/dan/Desktop/community-website/actions-runner'
[2021-10-05 19:10:07Z INFO ProcessInvokerWrapper]   Require exit code zero: 'True'
[2021-10-05 19:10:07Z INFO ProcessInvokerWrapper]   Encoding web name:  ; code page: ''
[2021-10-05 19:10:07Z INFO ProcessInvokerWrapper]   Force kill process on cancellation: 'False'
[2021-10-05 19:10:07Z INFO ProcessInvokerWrapper]   Redirected STDIN: 'False'
[2021-10-05 19:10:07Z INFO ProcessInvokerWrapper]   Persist current code page: 'False'
[2021-10-05 19:10:07Z INFO ProcessInvokerWrapper]   Keep redirected STDIN open: 'False'
[2021-10-05 19:10:07Z INFO ProcessInvokerWrapper]   High priority process: 'False'
[2021-10-05 19:10:07Z INFO ProcessInvokerWrapper] Updated oom_score_adj to 500 for PID: 92762.
[2021-10-05 19:10:07Z INFO ProcessInvokerWrapper] Process started with process id 92762, waiting for process exit.
[2021-10-05 19:10:07Z INFO ProcessInvokerWrapper] STDOUT/STDERR stream read finished.
[2021-10-05 19:10:07Z INFO ProcessInvokerWrapper] STDOUT/STDERR stream read finished.
[2021-10-05 19:10:07Z INFO ProcessInvokerWrapper] Finished process 92762 with exit code 0, and elapsed time 00:00:00.0008733.
[2021-10-05 19:10:07Z INFO Listener] Runner execution has finished with return code 0
